E:\Development\My Projects\PolygonDecomposition\PolygonDecomposition\Gui\Bin\Debug\cgal.lib
E:\Development\My Projects\PolygonDecomposition\PolygonDecomposition\Gui\Bin\Debug\cgal.exp
E:\DEVELOPMENT\MY PROJECTS\POLYGONDECOMPOSITION\POLYGONDECOMPOSITION\CGAL\DEBUG\CGAL.PCH
E:\DEVELOPMENT\MY PROJECTS\POLYGONDECOMPOSITION\POLYGONDECOMPOSITION\CGAL\DEBUG\STDAFX.OBJ
E:\DEVELOPMENT\MY PROJECTS\POLYGONDECOMPOSITION\POLYGONDECOMPOSITION\CGAL\DEBUG\VC110.PDB
E:\DEVELOPMENT\MY PROJECTS\POLYGONDECOMPOSITION\POLYGONDECOMPOSITION\CGAL\DEBUG\CGAL.OBJ
E:\DEVELOPMENT\MY PROJECTS\POLYGONDECOMPOSITION\POLYGONDECOMPOSITION\GUI\BIN\DEBUG\CGAL.ILK
E:\DEVELOPMENT\MY PROJECTS\POLYGONDECOMPOSITION\POLYGONDECOMPOSITION\GUI\BIN\DEBUG\CGAL.DLL
E:\DEVELOPMENT\MY PROJECTS\POLYGONDECOMPOSITION\POLYGONDECOMPOSITION\GUI\BIN\DEBUG\CGAL.PDB
E:\Development\My Projects\PolygonDecomposition\PolygonDecomposition\CGAL\Debug\CGAL.obj
E:\Development\My Projects\PolygonDecomposition\PolygonDecomposition\CGAL\Debug\stdafx.obj
E:\Development\My Projects\PolygonDecomposition\PolygonDecomposition\CGAL\Debug\CGAL.write.1.tlog
E:\Development\My Projects\PolygonDecomposition\PolygonDecomposition\CGAL\Debug\cl.command.1.tlog
E:\Development\My Projects\PolygonDecomposition\PolygonDecomposition\CGAL\Debug\CL.read.1.tlog
E:\Development\My Projects\PolygonDecomposition\PolygonDecomposition\CGAL\Debug\CL.write.1.tlog
E:\Development\My Projects\PolygonDecomposition\PolygonDecomposition\CGAL\Debug\link-cvtres.read.1.tlog
E:\Development\My Projects\PolygonDecomposition\PolygonDecomposition\CGAL\Debug\link-cvtres.write.1.tlog
E:\Development\My Projects\PolygonDecomposition\PolygonDecomposition\CGAL\Debug\link-rc.read.1.tlog
E:\Development\My Projects\PolygonDecomposition\PolygonDecomposition\CGAL\Debug\link-rc.write.1.tlog
E:\Development\My Projects\PolygonDecomposition\PolygonDecomposition\CGAL\Debug\link.1804-cvtres.read.1.tlog
E:\Development\My Projects\PolygonDecomposition\PolygonDecomposition\CGAL\Debug\link.1804-cvtres.write.1.tlog
E:\Development\My Projects\PolygonDecomposition\PolygonDecomposition\CGAL\Debug\link.1804-rc.read.1.tlog
E:\Development\My Projects\PolygonDecomposition\PolygonDecomposition\CGAL\Debug\link.1804-rc.write.1.tlog
E:\Development\My Projects\PolygonDecomposition\PolygonDecomposition\CGAL\Debug\link.1804.read.1.tlog
E:\Development\My Projects\PolygonDecomposition\PolygonDecomposition\CGAL\Debug\link.1804.write.1.tlog
E:\Development\My Projects\PolygonDecomposition\PolygonDecomposition\CGAL\Debug\link.3476-cvtres.read.1.tlog
E:\Development\My Projects\PolygonDecomposition\PolygonDecomposition\CGAL\Debug\link.3476-cvtres.write.1.tlog
E:\Development\My Projects\PolygonDecomposition\PolygonDecomposition\CGAL\Debug\link.3476-rc.read.1.tlog
E:\Development\My Projects\PolygonDecomposition\PolygonDecomposition\CGAL\Debug\link.3476-rc.write.1.tlog
E:\Development\My Projects\PolygonDecomposition\PolygonDecomposition\CGAL\Debug\link.3476.read.1.tlog
E:\Development\My Projects\PolygonDecomposition\PolygonDecomposition\CGAL\Debug\link.3476.write.1.tlog
E:\Development\My Projects\PolygonDecomposition\PolygonDecomposition\CGAL\Debug\link.4704-cvtres.read.1.tlog
E:\Development\My Projects\PolygonDecomposition\PolygonDecomposition\CGAL\Debug\link.4704-cvtres.write.1.tlog
E:\Development\My Projects\PolygonDecomposition\PolygonDecomposition\CGAL\Debug\link.4704-rc.read.1.tlog
E:\Development\My Projects\PolygonDecomposition\PolygonDecomposition\CGAL\Debug\link.4704-rc.write.1.tlog
E:\Development\My Projects\PolygonDecomposition\PolygonDecomposition\CGAL\Debug\link.4704.read.1.tlog
E:\Development\My Projects\PolygonDecomposition\PolygonDecomposition\CGAL\Debug\link.4704.write.1.tlog
E:\Development\My Projects\PolygonDecomposition\PolygonDecomposition\CGAL\Debug\link.5228-cvtres.read.1.tlog
E:\Development\My Projects\PolygonDecomposition\PolygonDecomposition\CGAL\Debug\link.5228-cvtres.write.1.tlog
E:\Development\My Projects\PolygonDecomposition\PolygonDecomposition\CGAL\Debug\link.5228-rc.read.1.tlog
E:\Development\My Projects\PolygonDecomposition\PolygonDecomposition\CGAL\Debug\link.5228-rc.write.1.tlog
E:\Development\My Projects\PolygonDecomposition\PolygonDecomposition\CGAL\Debug\link.5228.read.1.tlog
E:\Development\My Projects\PolygonDecomposition\PolygonDecomposition\CGAL\Debug\link.5228.write.1.tlog
E:\Development\My Projects\PolygonDecomposition\PolygonDecomposition\CGAL\Debug\link.6128-cvtres.read.1.tlog
E:\Development\My Projects\PolygonDecomposition\PolygonDecomposition\CGAL\Debug\link.6128-cvtres.write.1.tlog
E:\Development\My Projects\PolygonDecomposition\PolygonDecomposition\CGAL\Debug\link.6128-rc.read.1.tlog
E:\Development\My Projects\PolygonDecomposition\PolygonDecomposition\CGAL\Debug\link.6128-rc.write.1.tlog
E:\Development\My Projects\PolygonDecomposition\PolygonDecomposition\CGAL\Debug\link.6128.read.1.tlog
E:\Development\My Projects\PolygonDecomposition\PolygonDecomposition\CGAL\Debug\link.6128.write.1.tlog
E:\Development\My Projects\PolygonDecomposition\PolygonDecomposition\CGAL\Debug\link.command.1.tlog
E:\Development\My Projects\PolygonDecomposition\PolygonDecomposition\CGAL\Debug\link.read.1.tlog
E:\Development\My Projects\PolygonDecomposition\PolygonDecomposition\CGAL\Debug\link.write.1.tlog
E:\Development\My Projects\PolygonDecomposition\PolygonDecomposition\CGAL\Debug\cgal.pch
E:\Development\My Projects\PolygonDecomposition\PolygonDecomposition\CGAL\Debug\vc110.idb
E:\Development\My Projects\PolygonDecomposition\PolygonDecomposition\CGAL\Debug\vc110.pdb
E:\Development\My Projects\PolygonDecomposition\PolygonDecomposition\\Gui\Bin\Debug\cgal.pdb
E:\Development\My Projects\PolygonDecomposition\PolygonDecomposition\\Gui\Bin\Debug\cgal.dll
E:\Development\My Projects\PolygonDecomposition\PolygonDecomposition\\Gui\Bin\Debug\cgal.ilk
