E:\DEVELOPMENT\MY PROJECTS\POLYGONDECOMPOSITION\POLYGONDECOMPOSITION\POLYGONDECOMPOSITION\DEBUG\MONOTONEDECOMPOSITION.PCH
E:\DEVELOPMENT\MY PROJECTS\POLYGONDECOMPOSITION\POLYGONDECOMPOSITION\POLYGONDECOMPOSITION\DEBUG\STDAFX.OBJ
E:\DEVELOPMENT\MY PROJECTS\POLYGONDECOMPOSITION\POLYGONDECOMPOSITION\POLYGONDECOMPOSITION\DEBUG\VC110.PDB
E:\DEVELOPMENT\MY PROJECTS\POLYGONDECOMPOSITION\POLYGONDECOMPOSITION\POLYGONDECOMPOSITION\DEBUG\GEOMETRY.OBJ
E:\DEVELOPMENT\MY PROJECTS\POLYGONDECOMPOSITION\POLYGONDECOMPOSITION\POLYGONDECOMPOSITION\DEBUG\MONOTONEDECOMPOSITION.OBJ
E:\DEVELOPMENT\MY PROJECTS\POLYGONDECOMPOSITION\POLYGONDECOMPOSITION\POLYGONDECOMPOSITION\DEBUG\INTERFACE.OBJ
E:\DEVELOPMENT\MY PROJECTS\POLYGONDECOMPOSITION\POLYGONDECOMPOSITION\POLYGONDECOMPOSITION\DEBUG\MAIN.OBJ
E:\DEVELOPMENT\MY PROJECTS\POLYGONDECOMPOSITION\POLYGONDECOMPOSITION\POLYGONDECOMPOSITION\DEBUG\SIMPLE_POLYGON.OBJ
E:\DEVELOPMENT\MY PROJECTS\POLYGONDECOMPOSITION\POLYGONDECOMPOSITION\POLYGONDECOMPOSITION\DEBUG\TRAPEZOIDAL_DECOMPOSITION.OBJ
E:\DEVELOPMENT\MY PROJECTS\POLYGONDECOMPOSITION\POLYGONDECOMPOSITION\GUI\BIN\DEBUG\MONOTONEDECOMPOSITION.ILK
E:\DEVELOPMENT\MY PROJECTS\POLYGONDECOMPOSITION\POLYGONDECOMPOSITION\GUI\BIN\DEBUG\MONOTONEDECOMPOSITION.DLL
E:\DEVELOPMENT\MY PROJECTS\POLYGONDECOMPOSITION\POLYGONDECOMPOSITION\GUI\BIN\DEBUG\MONOTONEDECOMPOSITION.PDB
E:\Development\My Projects\PolygonDecomposition\PolygonDecomposition\Gui\Bin\Debug\MonotoneDecomposition.lib
E:\Development\My Projects\PolygonDecomposition\PolygonDecomposition\Gui\Bin\Debug\MonotoneDecomposition.exp
E:\Development\My Projects\PolygonDecomposition\PolygonDecomposition\PolygonDecomposition\Debug\geometry.obj
E:\Development\My Projects\PolygonDecomposition\PolygonDecomposition\PolygonDecomposition\Debug\GreedyDecomposition.obj
E:\Development\My Projects\PolygonDecomposition\PolygonDecomposition\PolygonDecomposition\Debug\interface.obj
E:\Development\My Projects\PolygonDecomposition\PolygonDecomposition\PolygonDecomposition\Debug\main.obj
E:\Development\My Projects\PolygonDecomposition\PolygonDecomposition\PolygonDecomposition\Debug\MonotoneDecomposition.obj
E:\Development\My Projects\PolygonDecomposition\PolygonDecomposition\PolygonDecomposition\Debug\simple_polygon.obj
E:\Development\My Projects\PolygonDecomposition\PolygonDecomposition\PolygonDecomposition\Debug\stdafx.obj
E:\Development\My Projects\PolygonDecomposition\PolygonDecomposition\PolygonDecomposition\Debug\trapezoidal_decomposition.obj
E:\Development\My Projects\PolygonDecomposition\PolygonDecomposition\PolygonDecomposition\Debug\cl.command.1.tlog
E:\Development\My Projects\PolygonDecomposition\PolygonDecomposition\PolygonDecomposition\Debug\CL.read.1.tlog
E:\Development\My Projects\PolygonDecomposition\PolygonDecomposition\PolygonDecomposition\Debug\CL.write.1.tlog
E:\Development\My Projects\PolygonDecomposition\PolygonDecomposition\PolygonDecomposition\Debug\link-cvtres.read.1.tlog
E:\Development\My Projects\PolygonDecomposition\PolygonDecomposition\PolygonDecomposition\Debug\link-cvtres.write.1.tlog
E:\Development\My Projects\PolygonDecomposition\PolygonDecomposition\PolygonDecomposition\Debug\link-rc.read.1.tlog
E:\Development\My Projects\PolygonDecomposition\PolygonDecomposition\PolygonDecomposition\Debug\link-rc.write.1.tlog
E:\Development\My Projects\PolygonDecomposition\PolygonDecomposition\PolygonDecomposition\Debug\link.4604-cvtres.read.1.tlog
E:\Development\My Projects\PolygonDecomposition\PolygonDecomposition\PolygonDecomposition\Debug\link.4604-cvtres.write.1.tlog
E:\Development\My Projects\PolygonDecomposition\PolygonDecomposition\PolygonDecomposition\Debug\link.4604-rc.read.1.tlog
E:\Development\My Projects\PolygonDecomposition\PolygonDecomposition\PolygonDecomposition\Debug\link.4604-rc.write.1.tlog
E:\Development\My Projects\PolygonDecomposition\PolygonDecomposition\PolygonDecomposition\Debug\link.4604.read.1.tlog
E:\Development\My Projects\PolygonDecomposition\PolygonDecomposition\PolygonDecomposition\Debug\link.4604.write.1.tlog
E:\Development\My Projects\PolygonDecomposition\PolygonDecomposition\PolygonDecomposition\Debug\link.command.1.tlog
E:\Development\My Projects\PolygonDecomposition\PolygonDecomposition\PolygonDecomposition\Debug\link.read.1.tlog
E:\Development\My Projects\PolygonDecomposition\PolygonDecomposition\PolygonDecomposition\Debug\link.write.1.tlog
E:\Development\My Projects\PolygonDecomposition\PolygonDecomposition\PolygonDecomposition\Debug\PolygonDecomposition.write.1.tlog
E:\Development\My Projects\PolygonDecomposition\PolygonDecomposition\PolygonDecomposition\Debug\MonotoneDecomposition.pch
E:\Development\My Projects\PolygonDecomposition\PolygonDecomposition\PolygonDecomposition\Debug\vc110.idb
E:\Development\My Projects\PolygonDecomposition\PolygonDecomposition\PolygonDecomposition\Debug\vc110.pdb
E:\Development\My Projects\PolygonDecomposition\PolygonDecomposition\\Gui\Bin\Debug\MonotoneDecomposition.pdb
E:\Development\My Projects\PolygonDecomposition\PolygonDecomposition\\Gui\Bin\Debug\MonotoneDecomposition.dll
E:\Development\My Projects\PolygonDecomposition\PolygonDecomposition\\Gui\Bin\Debug\MonotoneDecomposition.ilk
