E:\DEVELOPMENT\MY PROJECTS\POLYGONDECOMPOSITION\POLYGONDECOMPOSITION\DEBUG\POLYGONDECOMPOSITION.PCH
E:\DEVELOPMENT\MY PROJECTS\POLYGONDECOMPOSITION\POLYGONDECOMPOSITION\DEBUG\VC110.PDB
E:\DEVELOPMENT\MY PROJECTS\POLYGONDECOMPOSITION\POLYGONDECOMPOSITION\DEBUG\STDAFX.OBJ
E:\DEVELOPMENT\MY PROJECTS\POLYGONDECOMPOSITION\POLYGONDECOMPOSITION\DEBUG\GEOMETRY.OBJ
E:\DEVELOPMENT\MY PROJECTS\POLYGONDECOMPOSITION\POLYGONDECOMPOSITION\DEBUG\MAIN.OBJ
E:\DEVELOPMENT\MY PROJECTS\POLYGONDECOMPOSITION\POLYGONDECOMPOSITION\DEBUG\SIMPLE_POLYGON.OBJ
E:\DEVELOPMENT\MY PROJECTS\POLYGONDECOMPOSITION\POLYGONDECOMPOSITION\DEBUG\TRAPEZOIDAL_DECOMPOSITION.OBJ
E:\DEVELOPMENT\MY PROJECTS\POLYGONDECOMPOSITION\DEBUG\POLYGONDECOMPOSITION.ILK
E:\DEVELOPMENT\MY PROJECTS\POLYGONDECOMPOSITION\DEBUG\POLYGONDECOMPOSITION.DLL
E:\DEVELOPMENT\MY PROJECTS\POLYGONDECOMPOSITION\DEBUG\POLYGONDECOMPOSITION.PDB
E:\Development\My Projects\PolygonDecomposition\PolygonDecomposition\Debug\geometry.obj
E:\Development\My Projects\PolygonDecomposition\PolygonDecomposition\Debug\main.obj
E:\Development\My Projects\PolygonDecomposition\PolygonDecomposition\Debug\simple_polygon.obj
E:\Development\My Projects\PolygonDecomposition\PolygonDecomposition\Debug\stdafx.obj
E:\Development\My Projects\PolygonDecomposition\PolygonDecomposition\Debug\trapezoidal_decomposition.obj
E:\Development\My Projects\PolygonDecomposition\PolygonDecomposition\Debug\cl.command.1.tlog
E:\Development\My Projects\PolygonDecomposition\PolygonDecomposition\Debug\CL.read.1.tlog
E:\Development\My Projects\PolygonDecomposition\PolygonDecomposition\Debug\CL.write.1.tlog
E:\Development\My Projects\PolygonDecomposition\PolygonDecomposition\Debug\link-cvtres.read.1.tlog
E:\Development\My Projects\PolygonDecomposition\PolygonDecomposition\Debug\link-cvtres.write.1.tlog
E:\Development\My Projects\PolygonDecomposition\PolygonDecomposition\Debug\link-rc.read.1.tlog
E:\Development\My Projects\PolygonDecomposition\PolygonDecomposition\Debug\link-rc.write.1.tlog
E:\Development\My Projects\PolygonDecomposition\PolygonDecomposition\Debug\link.command.1.tlog
E:\Development\My Projects\PolygonDecomposition\PolygonDecomposition\Debug\link.read.1.tlog
E:\Development\My Projects\PolygonDecomposition\PolygonDecomposition\Debug\link.write.1.tlog
E:\Development\My Projects\PolygonDecomposition\PolygonDecomposition\Debug\PolygonDecomposition.pch
E:\Development\My Projects\PolygonDecomposition\PolygonDecomposition\Debug\vc110.idb
E:\Development\My Projects\PolygonDecomposition\PolygonDecomposition\Debug\vc110.pdb
E:\Development\My Projects\PolygonDecomposition\Debug\PolygonDecomposition.pdb
E:\Development\My Projects\PolygonDecomposition\Debug\PolygonDecomposition.exe
E:\Development\My Projects\PolygonDecomposition\Debug\PolygonDecomposition.ilk
